<?xml version="1.0" encoding="UTF-8"?>
<!-- Generated by org.testng.reporters.JUnitReportReporter -->
<testsuite skipped="0" hostname="SR-HP" name="testCases.LoginPageTest" tests="2" failures="0" timestamp="2021-02-14T10:52:59 CST" time="23.798" errors="0">
  <testcase name="loginTest" time="12.239" classname="testCases.LoginPageTest"/>
  <system-out/>
  <testcase name="loginpageTitleTest" time="11.559" classname="testCases.LoginPageTest"/>
  <system-out/>
</testsuite> <!-- testCases.LoginPageTest -->
