<?xml version="1.0" encoding="UTF-8"?>
<!-- Generated by org.testng.reporters.JUnitReportReporter -->
<testsuite skipped="0" hostname="LAPTOP-JVB6H476" name="testCases.LoginPageTest" tests="1" failures="0" timestamp="2021-02-13T14:31:29 CST" time="10.653" errors="0">
  <testcase name="loginTest" time="10.653" classname="testCases.LoginPageTest"/>
  <system-out/>
</testsuite> <!-- testCases.LoginPageTest -->
